# JRE version: Java(TM) SE Runtime Environment (8.0_102-b14) (build 1.8.0_102-b14)
# Java VM: Java HotSpot(TM) 64-Bit Server VM (25.102-b14 mixed mode windows-amd64 compressed oops)
Heap:
 PSYoungGen      total 112640K, used 30693K [0x00000000eab00000, 0x00000000f6000000, 0x0000000100000000)
  eden space 81920K, 0% used [0x00000000eab00000,0x00000000eab00000,0x00000000efb00000)
  from space 30720K, 99% used [0x00000000f2580000,0x00000000f43795f8,0x00000000f4380000)
  to   space 43520K, 0% used [0x00000000efb00000,0x00000000efb00000,0x00000000f2580000)
 ParOldGen       total 77312K, used 61541K [0x00000000c0000000, 0x00000000c4b80000, 0x00000000eab00000)
  object space 77312K, 79% used [0x00000000c0000000,0x00000000c3c196d8,0x00000000c4b80000)
 Metaspace       used 5853K, capacity 6896K, committed 7040K, reserved 1056768K
  class space    used 584K, capacity 616K, committed 640K, reserved 1048576K
GC Heap History (10 events):
Event: 13.155 GC heap after
Heap after GC invocations=5 (full 0):
 PSYoungGen      total 35328K, used 2536K [0x00000000eab00000, 0x00000000f1600000, 0x0000000100000000)
  eden space 32768K, 0% used [0x00000000eab00000,0x00000000eab00000,0x00000000ecb00000)
  from space 2560K, 99% used [0x00000000ecb00000,0x00000000ecd7a1c8,0x00000000ecd80000)
  to   space 22016K, 0% used [0x00000000f0080000,0x00000000f0080000,0x00000000f1600000)
 ParOldGen       total 47104K, used 46844K [0x00000000c0000000, 0x00000000c2e00000, 0x00000000eab00000)
  object space 47104K, 99% used [0x00000000c0000000,0x00000000c2dbf140,0x00000000c2e00000)
 Metaspace       used 5801K, capacity 6832K, committed 7040K, reserved 1056768K
  class space    used 584K, capacity 616K, committed 640K, reserved 1048576K
}
Event: 13.155 GC heap before
{Heap before GC invocations=6 (full 1):
 PSYoungGen      total 35328K, used 2536K [0x00000000eab00000, 0x00000000f1600000, 0x0000000100000000)
  eden space 32768K, 0% used [0x00000000eab00000,0x00000000eab00000,0x00000000ecb00000)
  from space 2560K, 99% used [0x00000000ecb00000,0x00000000ecd7a1c8,0x00000000ecd80000)
  to   space 22016K, 0% used [0x00000000f0080000,0x00000000f0080000,0x00000000f1600000)
 ParOldGen       total 47104K, used 46844K [0x00000000c0000000, 0x00000000c2e00000, 0x00000000eab00000)
  object space 47104K, 99% used [0x00000000c0000000,0x00000000c2dbf140,0x00000000c2e00000)
 Metaspace       used 5801K, capacity 6832K, committed 7040K, reserved 1056768K
  class space    used 584K, capacity 616K, committed 640K, reserved 1048576K
Event: 14.430 GC heap after
Heap after GC invocations=6 (full 1):
 PSYoungGen      total 35328K, used 0K [0x00000000eab00000, 0x00000000f1600000, 0x0000000100000000)
  eden space 32768K, 0% used [0x00000000eab00000,0x00000000eab00000,0x00000000ecb00000)
  from space 2560K, 0% used [0x00000000ecb00000,0x00000000ecb00000,0x00000000ecd80000)
  to   space 22016K, 0% used [0x00000000f0080000,0x00000000f0080000,0x00000000f1600000)
 ParOldGen       total 77312K, used 36967K [0x00000000c0000000, 0x00000000c4b80000, 0x00000000eab00000)
  object space 77312K, 47% used [0x00000000c0000000,0x00000000c2419c30,0x00000000c4b80000)
 Metaspace       used 5801K, capacity 6832K, committed 7040K, reserved 1056768K
  class space    used 584K, capacity 616K, committed 640K, reserved 1048576K
}
Event: 14.947 GC heap before
{Heap before GC invocations=7 (full 1):
 PSYoungGen      total 35328K, used 32768K [0x00000000eab00000, 0x00000000f1600000, 0x0000000100000000)
  eden space 32768K, 100% used [0x00000000eab00000,0x00000000ecb00000,0x00000000ecb00000)
  from space 2560K, 0% used [0x00000000ecb00000,0x00000000ecb00000,0x00000000ecd80000)
  to   space 22016K, 0% used [0x00000000f0080000,0x00000000f0080000,0x00000000f1600000)
 ParOldGen       total 77312K, used 36967K [0x00000000c0000000, 0x00000000c4b80000, 0x00000000eab00000)
  object space 77312K, 47% used [0x00000000c0000000,0x00000000c2419c30,0x00000000c4b80000)
 Metaspace       used 5815K, capacity 6896K, committed 7040K, reserved 1056768K
  class space    used 584K, capacity 616K, committed 640K, reserved 1048576K
Event: 15.110 GC heap after
Heap after GC invocations=7 (full 1):
 PSYoungGen      total 73216K, used 17140K [0x00000000eab00000, 0x00000000f1180000, 0x0000000100000000)
  eden space 55808K, 0% used [0x00000000eab00000,0x00000000eab00000,0x00000000ee180000)
  from space 17408K, 98% used [0x00000000f0080000,0x00000000f113d3f0,0x00000000f1180000)
  to   space 23552K, 0% used [0x00000000ee380000,0x00000000ee380000,0x00000000efa80000)
 ParOldGen       total 77312K, used 36967K [0x00000000c0000000, 0x00000000c4b80000, 0x00000000eab00000)
  object space 77312K, 47% used [0x00000000c0000000,0x00000000c2419c30,0x00000000c4b80000)
 Metaspace       used 5815K, capacity 6896K, committed 7040K, reserved 1056768K
  class space    used 584K, capacity 616K, committed 640K, reserved 1048576K
}
Event: 16.412 GC heap before
{Heap before GC invocations=8 (full 1):
 PSYoungGen      total 73216K, used 72948K [0x00000000eab00000, 0x00000000f1180000, 0x0000000100000000)
  eden space 55808K, 100% used [0x00000000eab00000,0x00000000ee180000,0x00000000ee180000)
  from space 17408K, 98% used [0x00000000f0080000,0x00000000f113d3f0,0x00000000f1180000)
  to   space 23552K, 0% used [0x00000000ee380000,0x00000000ee380000,0x00000000efa80000)
 ParOldGen       total 77312K, used 36967K [0x00000000c0000000, 0x00000000c4b80000, 0x00000000eab00000)
  object space 77312K, 47% used [0x00000000c0000000,0x00000000c2419c30,0x00000000c4b80000)
 Metaspace       used 5826K, capacity 6896K, committed 7040K, reserved 1056768K
  class space    used 584K, capacity 616K, committed 640K, reserved 1048576K
Event: 16.757 GC heap after
Heap after GC invocations=8 (full 1):
 PSYoungGen      total 81408K, used 23540K [0x00000000eab00000, 0x00000000f4380000, 0x0000000100000000)
  eden space 57856K, 0% used [0x00000000eab00000,0x00000000eab00000,0x00000000ee380000)
  from space 23552K, 99% used [0x00000000ee380000,0x00000000efa7d010,0x00000000efa80000)
  to   space 30720K, 0% used [0x00000000f2580000,0x00000000f2580000,0x00000000f4380000)
 ParOldGen       total 77312K, used 43529K [0x00000000c0000000, 0x00000000c4b80000, 0x00000000eab00000)
  object space 77312K, 56% used [0x00000000c0000000,0x00000000c2a82668,0x00000000c4b80000)
 Metaspace       used 5826K, capacity 6896K, committed 7040K, reserved 1056768K
  class space    used 584K, capacity 616K, committed 640K, reserved 1048576K
}
Event: 17.749 GC heap before
{Heap before GC invocations=9 (full 1):
 PSYoungGen      total 81408K, used 81396K [0x00000000eab00000, 0x00000000f4380000, 0x0000000100000000)
  eden space 57856K, 100% used [0x00000000eab00000,0x00000000ee380000,0x00000000ee380000)
  from space 23552K, 99% used [0x00000000ee380000,0x00000000efa7d010,0x00000000efa80000)
  to   space 30720K, 0% used [0x00000000f2580000,0x00000000f2580000,0x00000000f4380000)
 ParOldGen       total 77312K, used 43529K [0x00000000c0000000, 0x00000000c4b80000, 0x00000000eab00000)
  object space 77312K, 56% used [0x00000000c0000000,0x00000000c2a82668,0x00000000c4b80000)
 Metaspace       used 5853K, capacity 6896K, committed 7040K, reserved 1056768K
  class space    used 584K, capacity 616K, committed 640K, reserved 1048576K
Event: 18.056 GC heap after
Heap after GC invocations=9 (full 1):
 PSYoungGen      total 112640K, used 30693K [0x00000000eab00000, 0x00000000f6000000, 0x0000000100000000)
  eden space 81920K, 0% used [0x00000000eab00000,0x00000000eab00000,0x00000000efb00000)
  from space 30720K, 99% used [0x00000000f2580000,0x00000000f43795f8,0x00000000f4380000)
  to   space 43520K, 0% used [0x00000000efb00000,0x00000000efb00000,0x00000000f2580000)
 ParOldGen       total 77312K, used 61541K [0x00000000c0000000, 0x00000000c4b80000, 0x00000000eab00000)
  object space 77312K, 79% used [0x00000000c0000000,0x00000000c3c196d8,0x00000000c4b80000)
 Metaspace       used 5853K, capacity 6896K, committed 7040K, reserved 1056768K
  class space    used 584K, capacity 616K, committed 640K, reserved 1048576K
}
Event: 18.056 GC heap before
{Heap before GC invocations=10 (full 2):
 PSYoungGen      total 112640K, used 30693K [0x00000000eab00000, 0x00000000f6000000, 0x0000000100000000)
  eden space 81920K, 0% used [0x00000000eab00000,0x00000000eab00000,0x00000000efb00000)
  from space 30720K, 99% used [0x00000000f2580000,0x00000000f43795f8,0x00000000f4380000)
  to   space 43520K, 0% used [0x00000000efb00000,0x00000000efb00000,0x00000000f2580000)
 ParOldGen       total 77312K, used 61541K [0x00000000c0000000, 0x00000000c4b80000, 0x00000000eab00000)
  object space 77312K, 79% used [0x00000000c0000000,0x00000000c3c196d8,0x00000000c4b80000)
 Metaspace       used 5853K, capacity 6896K, committed 7040K, reserved 1056768K
  class space    used 584K, capacity 616K, committed 640K, reserved 1048576K

