# JRE version: Java(TM) SE Runtime Environment (8.0_102-b14) (build 1.8.0_102-b14)
# Java VM: Java HotSpot(TM) 64-Bit Server VM (25.102-b14 mixed mode windows-amd64 compressed oops)
Heap:
 PSYoungGen      total 176640K, used 73184K [0x00000000eab00000, 0x00000000fcf80000, 0x0000000100000000)
  eden space 103424K, 0% used [0x00000000eab00000,0x00000000eab00000,0x00000000f1000000)
  from space 73216K, 99% used [0x00000000f6780000,0x00000000faef83e0,0x00000000faf00000)
  to   space 89600K, 0% used [0x00000000f1000000,0x00000000f1000000,0x00000000f6780000)
 ParOldGen       total 123904K, used 107052K [0x00000000c0000000, 0x00000000c7900000, 0x00000000eab00000)
  object space 123904K, 86% used [0x00000000c0000000,0x00000000c688b068,0x00000000c7900000)
 Metaspace       used 5925K, capacity 6960K, committed 7040K, reserved 1056768K
  class space    used 586K, capacity 616K, committed 640K, reserved 1048576K
GC Heap History (10 events):
Event: 13.487 GC heap after
Heap after GC invocations=8 (full 2):
 PSYoungGen      total 111616K, used 23587K [0x00000000eab00000, 0x00000000f3d00000, 0x0000000100000000)
  eden space 81408K, 0% used [0x00000000eab00000,0x00000000eab00000,0x00000000efa80000)
  from space 30208K, 78% used [0x00000000f1a00000,0x00000000f3108e58,0x00000000f3780000)
  to   space 32256K, 0% used [0x00000000efa80000,0x00000000efa80000,0x00000000f1a00000)
 ParOldGen       total 123904K, used 55320K [0x00000000c0000000, 0x00000000c7900000, 0x00000000eab00000)
  object space 123904K, 44% used [0x00000000c0000000,0x00000000c36060f8,0x00000000c7900000)
 Metaspace       used 5829K, capacity 6896K, committed 7040K, reserved 1056768K
  class space    used 584K, capacity 616K, committed 640K, reserved 1048576K
}
Event: 15.891 GC heap before
{Heap before GC invocations=9 (full 2):
 PSYoungGen      total 111616K, used 104995K [0x00000000eab00000, 0x00000000f3d00000, 0x0000000100000000)
  eden space 81408K, 100% used [0x00000000eab00000,0x00000000efa80000,0x00000000efa80000)
  from space 30208K, 78% used [0x00000000f1a00000,0x00000000f3108e58,0x00000000f3780000)
  to   space 32256K, 0% used [0x00000000efa80000,0x00000000efa80000,0x00000000f1a00000)
 ParOldGen       total 123904K, used 55320K [0x00000000c0000000, 0x00000000c7900000, 0x00000000eab00000)
  object space 123904K, 44% used [0x00000000c0000000,0x00000000c36060f8,0x00000000c7900000)
 Metaspace       used 5841K, capacity 6896K, committed 7040K, reserved 1056768K
  class space    used 584K, capacity 616K, committed 640K, reserved 1048576K
Event: 16.258 GC heap after
Heap after GC invocations=9 (full 2):
 PSYoungGen      total 113664K, used 32249K [0x00000000eab00000, 0x00000000f7280000, 0x0000000100000000)
  eden space 81408K, 0% used [0x00000000eab00000,0x00000000eab00000,0x00000000efa80000)
  from space 32256K, 99% used [0x00000000efa80000,0x00000000f19fe7a8,0x00000000f1a00000)
  to   space 48640K, 0% used [0x00000000f4300000,0x00000000f4300000,0x00000000f7280000)
 ParOldGen       total 123904K, used 76245K [0x00000000c0000000, 0x00000000c7900000, 0x00000000eab00000)
  object space 123904K, 61% used [0x00000000c0000000,0x00000000c4a754e0,0x00000000c7900000)
 Metaspace       used 5841K, capacity 6896K, committed 7040K, reserved 1056768K
  class space    used 584K, capacity 616K, committed 640K, reserved 1048576K
}
Event: 17.705 GC heap before
{Heap before GC invocations=10 (full 2):
 PSYoungGen      total 113664K, used 113657K [0x00000000eab00000, 0x00000000f7280000, 0x0000000100000000)
  eden space 81408K, 100% used [0x00000000eab00000,0x00000000efa80000,0x00000000efa80000)
  from space 32256K, 99% used [0x00000000efa80000,0x00000000f19fe7a8,0x00000000f1a00000)
  to   space 48640K, 0% used [0x00000000f4300000,0x00000000f4300000,0x00000000f7280000)
 ParOldGen       total 123904K, used 76245K [0x00000000c0000000, 0x00000000c7900000, 0x00000000eab00000)
  object space 123904K, 61% used [0x00000000c0000000,0x00000000c4a754e0,0x00000000c7900000)
 Metaspace       used 5909K, capacity 6960K, committed 7040K, reserved 1056768K
  class space    used 584K, capacity 616K, committed 640K, reserved 1048576K
Event: 17.889 GC heap after
Heap after GC invocations=10 (full 2):
 PSYoungGen      total 147456K, used 48422K [0x00000000eab00000, 0x00000000f8280000, 0x0000000100000000)
  eden space 98816K, 0% used [0x00000000eab00000,0x00000000eab00000,0x00000000f0b80000)
  from space 48640K, 99% used [0x00000000f4300000,0x00000000f7249b88,0x00000000f7280000)
  to   space 56832K, 0% used [0x00000000f0b80000,0x00000000f0b80000,0x00000000f4300000)
 ParOldGen       total 123904K, used 76253K [0x00000000c0000000, 0x00000000c7900000, 0x00000000eab00000)
  object space 123904K, 61% used [0x00000000c0000000,0x00000000c4a774e0,0x00000000c7900000)
 Metaspace       used 5909K, capacity 6960K, committed 7040K, reserved 1056768K
  class space    used 584K, capacity 616K, committed 640K, reserved 1048576K
}
Event: 19.138 GC heap before
{Heap before GC invocations=11 (full 2):
 PSYoungGen      total 147456K, used 147238K [0x00000000eab00000, 0x00000000f8280000, 0x0000000100000000)
  eden space 98816K, 100% used [0x00000000eab00000,0x00000000f0b80000,0x00000000f0b80000)
  from space 48640K, 99% used [0x00000000f4300000,0x00000000f7249b88,0x00000000f7280000)
  to   space 56832K, 0% used [0x00000000f0b80000,0x00000000f0b80000,0x00000000f4300000)
 ParOldGen       total 123904K, used 76253K [0x00000000c0000000, 0x00000000c7900000, 0x00000000eab00000)
  object space 123904K, 61% used [0x00000000c0000000,0x00000000c4a774e0,0x00000000c7900000)
 Metaspace       used 5924K, capacity 6960K, committed 7040K, reserved 1056768K
  class space    used 586K, capacity 616K, committed 640K, reserved 1048576K
Event: 19.401 GC heap after
Heap after GC invocations=11 (full 2):
 PSYoungGen      total 155648K, used 56819K [0x00000000eab00000, 0x00000000faf00000, 0x0000000100000000)
  eden space 98816K, 0% used [0x00000000eab00000,0x00000000eab00000,0x00000000f0b80000)
  from space 56832K, 99% used [0x00000000f0b80000,0x00000000f42fcc80,0x00000000f4300000)
  to   space 73216K, 0% used [0x00000000f6780000,0x00000000f6780000,0x00000000faf00000)
 ParOldGen       total 123904K, used 94057K [0x00000000c0000000, 0x00000000c7900000, 0x00000000eab00000)
  object space 123904K, 75% used [0x00000000c0000000,0x00000000c5bda468,0x00000000c7900000)
 Metaspace       used 5924K, capacity 6960K, committed 7040K, reserved 1056768K
  class space    used 586K, capacity 616K, committed 640K, reserved 1048576K
}
Event: 20.621 GC heap before
{Heap before GC invocations=12 (full 2):
 PSYoungGen      total 155648K, used 155635K [0x00000000eab00000, 0x00000000faf00000, 0x0000000100000000)
  eden space 98816K, 100% used [0x00000000eab00000,0x00000000f0b80000,0x00000000f0b80000)
  from space 56832K, 99% used [0x00000000f0b80000,0x00000000f42fcc80,0x00000000f4300000)
  to   space 73216K, 0% used [0x00000000f6780000,0x00000000f6780000,0x00000000faf00000)
 ParOldGen       total 123904K, used 94057K [0x00000000c0000000, 0x00000000c7900000, 0x00000000eab00000)
  object space 123904K, 75% used [0x00000000c0000000,0x00000000c5bda468,0x00000000c7900000)
 Metaspace       used 5925K, capacity 6960K, committed 7040K, reserved 1056768K
  class space    used 586K, capacity 616K, committed 640K, reserved 1048576K
Event: 20.825 GC heap after
Heap after GC invocations=12 (full 2):
 PSYoungGen      total 176640K, used 73184K [0x00000000eab00000, 0x00000000fcf80000, 0x0000000100000000)
  eden space 103424K, 0% used [0x00000000eab00000,0x00000000eab00000,0x00000000f1000000)
  from space 73216K, 99% used [0x00000000f6780000,0x00000000faef83e0,0x00000000faf00000)
  to   space 89600K, 0% used [0x00000000f1000000,0x00000000f1000000,0x00000000f6780000)
 ParOldGen       total 123904K, used 107052K [0x00000000c0000000, 0x00000000c7900000, 0x00000000eab00000)
  object space 123904K, 86% used [0x00000000c0000000,0x00000000c688b068,0x00000000c7900000)
 Metaspace       used 5925K, capacity 6960K, committed 7040K, reserved 1056768K
  class space    used 586K, capacity 616K, committed 640K, reserved 1048576K
}
Event: 20.825 GC heap before
{Heap before GC invocations=13 (full 3):
 PSYoungGen      total 176640K, used 73184K [0x00000000eab00000, 0x00000000fcf80000, 0x0000000100000000)
  eden space 103424K, 0% used [0x00000000eab00000,0x00000000eab00000,0x00000000f1000000)
  from space 73216K, 99% used [0x00000000f6780000,0x00000000faef83e0,0x00000000faf00000)
  to   space 89600K, 0% used [0x00000000f1000000,0x00000000f1000000,0x00000000f6780000)
 ParOldGen       total 123904K, used 107052K [0x00000000c0000000, 0x00000000c7900000, 0x00000000eab00000)
  object space 123904K, 86% used [0x00000000c0000000,0x00000000c688b068,0x00000000c7900000)
 Metaspace       used 5925K, capacity 6960K, committed 7040K, reserved 1056768K
  class space    used 586K, capacity 616K, committed 640K, reserved 1048576K

