# JRE version: Java(TM) SE Runtime Environment (8.0_102-b14) (build 1.8.0_102-b14)
# Java VM: Java HotSpot(TM) 64-Bit Server VM (25.102-b14 mixed mode windows-amd64 compressed oops)
Heap:
 PSYoungGen      total 232960K, used 116216K [0x00000000eab00000, 0x0000000100000000, 0x0000000100000000)
  eden space 116736K, 0% used [0x00000000eab00000,0x00000000eab00000,0x00000000f1d00000)
  from space 116224K, 99% used [0x00000000f1d00000,0x00000000f8e7e088,0x00000000f8e80000)
  to   space 116224K, 0% used [0x00000000f8e80000,0x00000000f8e80000,0x0000000100000000)
 ParOldGen       total 312832K, used 312132K [0x00000000c0000000, 0x00000000d3180000, 0x00000000eab00000)
  object space 312832K, 99% used [0x00000000c0000000,0x00000000d30d10f8,0x00000000d3180000)
 Metaspace       used 6117K, capacity 7128K, committed 7424K, reserved 1056768K
  class space    used 608K, capacity 656K, committed 768K, reserved 1048576K
GC Heap History (10 events):
Event: 14.487 GC heap after
Heap after GC invocations=25 (full 4):
 PSYoungGen      total 232960K, used 107601K [0x00000000eab00000, 0x0000000100000000, 0x0000000100000000)
  eden space 116736K, 0% used [0x00000000eab00000,0x00000000eab00000,0x00000000f1d00000)
  from space 116224K, 92% used [0x00000000f1d00000,0x00000000f8614498,0x00000000f8e80000)
  to   space 116224K, 0% used [0x00000000f8e80000,0x00000000f8e80000,0x0000000100000000)
 ParOldGen       total 311296K, used 183733K [0x00000000c0000000, 0x00000000d3000000, 0x00000000eab00000)
  object space 311296K, 59% used [0x00000000c0000000,0x00000000cb36d500,0x00000000d3000000)
 Metaspace       used 6116K, capacity 7128K, committed 7424K, reserved 1056768K
  class space    used 608K, capacity 656K, committed 768K, reserved 1048576K
}
Event: 14.564 GC heap before
{Heap before GC invocations=26 (full 4):
 PSYoungGen      total 232960K, used 224337K [0x00000000eab00000, 0x0000000100000000, 0x0000000100000000)
  eden space 116736K, 100% used [0x00000000eab00000,0x00000000f1d00000,0x00000000f1d00000)
  from space 116224K, 92% used [0x00000000f1d00000,0x00000000f8614498,0x00000000f8e80000)
  to   space 116224K, 0% used [0x00000000f8e80000,0x00000000f8e80000,0x0000000100000000)
 ParOldGen       total 311296K, used 183733K [0x00000000c0000000, 0x00000000d3000000, 0x00000000eab00000)
  object space 311296K, 59% used [0x00000000c0000000,0x00000000cb36d500,0x00000000d3000000)
 Metaspace       used 6116K, capacity 7128K, committed 7424K, reserved 1056768K
  class space    used 608K, capacity 656K, committed 768K, reserved 1048576K
Event: 14.666 GC heap after
Heap after GC invocations=26 (full 4):
 PSYoungGen      total 232960K, used 116216K [0x00000000eab00000, 0x0000000100000000, 0x0000000100000000)
  eden space 116736K, 0% used [0x00000000eab00000,0x00000000eab00000,0x00000000f1d00000)
  from space 116224K, 99% used [0x00000000f8e80000,0x00000000ffffe230,0x0000000100000000)
  to   space 116224K, 0% used [0x00000000f1d00000,0x00000000f1d00000,0x00000000f8e80000)
 ParOldGen       total 311296K, used 239333K [0x00000000c0000000, 0x00000000d3000000, 0x00000000eab00000)
  object space 311296K, 76% used [0x00000000c0000000,0x00000000ce9b9500,0x00000000d3000000)
 Metaspace       used 6116K, capacity 7128K, committed 7424K, reserved 1056768K
  class space    used 608K, capacity 656K, committed 768K, reserved 1048576K
}
Event: 14.969 GC heap before
{Heap before GC invocations=27 (full 4):
 PSYoungGen      total 232960K, used 232952K [0x00000000eab00000, 0x0000000100000000, 0x0000000100000000)
  eden space 116736K, 100% used [0x00000000eab00000,0x00000000f1d00000,0x00000000f1d00000)
  from space 116224K, 99% used [0x00000000f8e80000,0x00000000ffffe230,0x0000000100000000)
  to   space 116224K, 0% used [0x00000000f1d00000,0x00000000f1d00000,0x00000000f8e80000)
 ParOldGen       total 311296K, used 239333K [0x00000000c0000000, 0x00000000d3000000, 0x00000000eab00000)
  object space 311296K, 76% used [0x00000000c0000000,0x00000000ce9b9500,0x00000000d3000000)
 Metaspace       used 6117K, capacity 7128K, committed 7424K, reserved 1056768K
  class space    used 608K, capacity 656K, committed 768K, reserved 1048576K
Event: 15.051 GC heap after
Heap after GC invocations=27 (full 4):
 PSYoungGen      total 232960K, used 112902K [0x00000000eab00000, 0x0000000100000000, 0x0000000100000000)
  eden space 116736K, 0% used [0x00000000eab00000,0x00000000eab00000,0x00000000f1d00000)
  from space 116224K, 97% used [0x00000000f1d00000,0x00000000f8b41968,0x00000000f8e80000)
  to   space 116224K, 0% used [0x00000000f8e80000,0x00000000f8e80000,0x0000000100000000)
 ParOldGen       total 311296K, used 250054K [0x00000000c0000000, 0x00000000d3000000, 0x00000000eab00000)
  object space 311296K, 80% used [0x00000000c0000000,0x00000000cf431860,0x00000000d3000000)
 Metaspace       used 6117K, capacity 7128K, committed 7424K, reserved 1056768K
  class space    used 608K, capacity 656K, committed 768K, reserved 1048576K
}
Event: 15.164 GC heap before
{Heap before GC invocations=28 (full 4):
 PSYoungGen      total 232960K, used 229638K [0x00000000eab00000, 0x0000000100000000, 0x0000000100000000)
  eden space 116736K, 100% used [0x00000000eab00000,0x00000000f1d00000,0x00000000f1d00000)
  from space 116224K, 97% used [0x00000000f1d00000,0x00000000f8b41968,0x00000000f8e80000)
  to   space 116224K, 0% used [0x00000000f8e80000,0x00000000f8e80000,0x0000000100000000)
 ParOldGen       total 311296K, used 250054K [0x00000000c0000000, 0x00000000d3000000, 0x00000000eab00000)
  object space 311296K, 80% used [0x00000000c0000000,0x00000000cf431860,0x00000000d3000000)
 Metaspace       used 6117K, capacity 7128K, committed 7424K, reserved 1056768K
  class space    used 608K, capacity 656K, committed 768K, reserved 1048576K
Event: 15.241 GC heap after
Heap after GC invocations=28 (full 4):
 PSYoungGen      total 232960K, used 114750K [0x00000000eab00000, 0x0000000100000000, 0x0000000100000000)
  eden space 116736K, 0% used [0x00000000eab00000,0x00000000eab00000,0x00000000f1d00000)
  from space 116224K, 98% used [0x00000000f8e80000,0x00000000ffe8fa10,0x0000000100000000)
  to   space 116224K, 0% used [0x00000000f1d00000,0x00000000f1d00000,0x00000000f8e80000)
 ParOldGen       total 311296K, used 252661K [0x00000000c0000000, 0x00000000d3000000, 0x00000000eab00000)
  object space 311296K, 81% used [0x00000000c0000000,0x00000000cf6bd7b8,0x00000000d3000000)
 Metaspace       used 6117K, capacity 7128K, committed 7424K, reserved 1056768K
  class space    used 608K, capacity 656K, committed 768K, reserved 1048576K
}
Event: 15.386 GC heap before
{Heap before GC invocations=29 (full 4):
 PSYoungGen      total 232960K, used 231486K [0x00000000eab00000, 0x0000000100000000, 0x0000000100000000)
  eden space 116736K, 100% used [0x00000000eab00000,0x00000000f1d00000,0x00000000f1d00000)
  from space 116224K, 98% used [0x00000000f8e80000,0x00000000ffe8fa10,0x0000000100000000)
  to   space 116224K, 0% used [0x00000000f1d00000,0x00000000f1d00000,0x00000000f8e80000)
 ParOldGen       total 311296K, used 252661K [0x00000000c0000000, 0x00000000d3000000, 0x00000000eab00000)
  object space 311296K, 81% used [0x00000000c0000000,0x00000000cf6bd7b8,0x00000000d3000000)
 Metaspace       used 6117K, capacity 7128K, committed 7424K, reserved 1056768K
  class space    used 608K, capacity 656K, committed 768K, reserved 1048576K
Event: 15.503 GC heap after
Heap after GC invocations=29 (full 4):
 PSYoungGen      total 232960K, used 116216K [0x00000000eab00000, 0x0000000100000000, 0x0000000100000000)
  eden space 116736K, 0% used [0x00000000eab00000,0x00000000eab00000,0x00000000f1d00000)
  from space 116224K, 99% used [0x00000000f1d00000,0x00000000f8e7e088,0x00000000f8e80000)
  to   space 116224K, 0% used [0x00000000f8e80000,0x00000000f8e80000,0x0000000100000000)
 ParOldGen       total 312832K, used 312132K [0x00000000c0000000, 0x00000000d3180000, 0x00000000eab00000)
  object space 312832K, 99% used [0x00000000c0000000,0x00000000d30d10f8,0x00000000d3180000)
 Metaspace       used 6117K, capacity 7128K, committed 7424K, reserved 1056768K
  class space    used 608K, capacity 656K, committed 768K, reserved 1048576K
}
Event: 15.503 GC heap before
{Heap before GC invocations=30 (full 5):
 PSYoungGen      total 232960K, used 116216K [0x00000000eab00000, 0x0000000100000000, 0x0000000100000000)
  eden space 116736K, 0% used [0x00000000eab00000,0x00000000eab00000,0x00000000f1d00000)
  from space 116224K, 99% used [0x00000000f1d00000,0x00000000f8e7e088,0x00000000f8e80000)
  to   space 116224K, 0% used [0x00000000f8e80000,0x00000000f8e80000,0x0000000100000000)
 ParOldGen       total 312832K, used 312132K [0x00000000c0000000, 0x00000000d3180000, 0x00000000eab00000)
  object space 312832K, 99% used [0x00000000c0000000,0x00000000d30d10f8,0x00000000d3180000)
 Metaspace       used 6117K, capacity 7128K, committed 7424K, reserved 1056768K
  class space    used 608K, capacity 656K, committed 768K, reserved 1048576K

