# JRE version: Java(TM) SE Runtime Environment (8.0_102-b14) (build 1.8.0_102-b14)
# Java VM: Java HotSpot(TM) 64-Bit Server VM (25.102-b14 mixed mode windows-amd64 compressed oops)
Heap:
 PSYoungGen      total 232960K, used 116736K [0x00000000eab00000, 0x0000000100000000, 0x0000000100000000)
  eden space 116736K, 100% used [0x00000000eab00000,0x00000000f1d00000,0x00000000f1d00000)
  from space 116224K, 0% used [0x00000000f1d00000,0x00000000f1d00000,0x00000000f8e80000)
  to   space 116224K, 30% used [0x00000000f8e80000,0x00000000fb107c00,0x0000000100000000)
 ParOldGen       total 451072K, used 305905K [0x00000000c0000000, 0x00000000db880000, 0x00000000eab00000)
  object space 451072K, 67% used [0x00000000c0000000,0x00000000d2abc740,0x00000000db880000)
 Metaspace       used 6112K, capacity 7064K, committed 7424K, reserved 1056768K
  class space    used 608K, capacity 656K, committed 768K, reserved 1048576K
GC Heap History (10 events):
Event: 28.426 GC heap after
Heap after GC invocations=23 (full 4):
 PSYoungGen      total 232960K, used 71648K [0x00000000eab00000, 0x0000000100000000, 0x0000000100000000)
  eden space 116736K, 0% used [0x00000000eab00000,0x00000000eab00000,0x00000000f1d00000)
  from space 116224K, 61% used [0x00000000f1d00000,0x00000000f62f8000,0x00000000f8e80000)
  to   space 116224K, 0% used [0x00000000f8e80000,0x00000000f8e80000,0x0000000100000000)
 ParOldGen       total 282112K, used 168036K [0x00000000c0000000, 0x00000000d1380000, 0x00000000eab00000)
  object space 282112K, 59% used [0x00000000c0000000,0x00000000ca419228,0x00000000d1380000)
 Metaspace       used 6110K, capacity 7064K, committed 7424K, reserved 1056768K
  class space    used 608K, capacity 656K, committed 768K, reserved 1048576K
}
Event: 28.810 GC heap before
{Heap before GC invocations=24 (full 4):
 PSYoungGen      total 232960K, used 188384K [0x00000000eab00000, 0x0000000100000000, 0x0000000100000000)
  eden space 116736K, 100% used [0x00000000eab00000,0x00000000f1d00000,0x00000000f1d00000)
  from space 116224K, 61% used [0x00000000f1d00000,0x00000000f62f8000,0x00000000f8e80000)
  to   space 116224K, 0% used [0x00000000f8e80000,0x00000000f8e80000,0x0000000100000000)
 ParOldGen       total 282112K, used 168036K [0x00000000c0000000, 0x00000000d1380000, 0x00000000eab00000)
  object space 282112K, 59% used [0x00000000c0000000,0x00000000ca419228,0x00000000d1380000)
 Metaspace       used 6111K, capacity 7064K, committed 7424K, reserved 1056768K
  class space    used 608K, capacity 656K, committed 768K, reserved 1048576K
Event: 28.863 GC heap after
Heap after GC invocations=24 (full 4):
 PSYoungGen      total 232960K, used 97703K [0x00000000eab00000, 0x0000000100000000, 0x0000000100000000)
  eden space 116736K, 0% used [0x00000000eab00000,0x00000000eab00000,0x00000000f1d00000)
  from space 116224K, 84% used [0x00000000f8e80000,0x00000000fede9fc0,0x0000000100000000)
  to   space 116224K, 0% used [0x00000000f1d00000,0x00000000f1d00000,0x00000000f8e80000)
 ParOldGen       total 282112K, used 168223K [0x00000000c0000000, 0x00000000d1380000, 0x00000000eab00000)
  object space 282112K, 59% used [0x00000000c0000000,0x00000000ca447f38,0x00000000d1380000)
 Metaspace       used 6111K, capacity 7064K, committed 7424K, reserved 1056768K
  class space    used 608K, capacity 656K, committed 768K, reserved 1048576K
}
Event: 28.972 GC heap before
{Heap before GC invocations=25 (full 4):
 PSYoungGen      total 232960K, used 214439K [0x00000000eab00000, 0x0000000100000000, 0x0000000100000000)
  eden space 116736K, 100% used [0x00000000eab00000,0x00000000f1d00000,0x00000000f1d00000)
  from space 116224K, 84% used [0x00000000f8e80000,0x00000000fede9fc0,0x0000000100000000)
  to   space 116224K, 0% used [0x00000000f1d00000,0x00000000f1d00000,0x00000000f8e80000)
 ParOldGen       total 282112K, used 168223K [0x00000000c0000000, 0x00000000d1380000, 0x00000000eab00000)
  object space 282112K, 59% used [0x00000000c0000000,0x00000000ca447f38,0x00000000d1380000)
 Metaspace       used 6111K, capacity 7064K, committed 7424K, reserved 1056768K
  class space    used 608K, capacity 656K, committed 768K, reserved 1048576K
Event: 29.073 GC heap after
Heap after GC invocations=25 (full 4):
 PSYoungGen      total 232960K, used 116198K [0x00000000eab00000, 0x0000000100000000, 0x0000000100000000)
  eden space 116736K, 0% used [0x00000000eab00000,0x00000000eab00000,0x00000000f1d00000)
  from space 116224K, 99% used [0x00000000f1d00000,0x00000000f8e79b48,0x00000000f8e80000)
  to   space 116224K, 0% used [0x00000000f8e80000,0x00000000f8e80000,0x0000000100000000)
 ParOldGen       total 282112K, used 230335K [0x00000000c0000000, 0x00000000d1380000, 0x00000000eab00000)
  object space 282112K, 81% used [0x00000000c0000000,0x00000000ce0efc30,0x00000000d1380000)
 Metaspace       used 6111K, capacity 7064K, committed 7424K, reserved 1056768K
  class space    used 608K, capacity 656K, committed 768K, reserved 1048576K
}
Event: 29.235 GC heap before
{Heap before GC invocations=26 (full 4):
 PSYoungGen      total 232960K, used 232934K [0x00000000eab00000, 0x0000000100000000, 0x0000000100000000)
  eden space 116736K, 100% used [0x00000000eab00000,0x00000000f1d00000,0x00000000f1d00000)
  from space 116224K, 99% used [0x00000000f1d00000,0x00000000f8e79b48,0x00000000f8e80000)
  to   space 116224K, 0% used [0x00000000f8e80000,0x00000000f8e80000,0x0000000100000000)
 ParOldGen       total 282112K, used 230335K [0x00000000c0000000, 0x00000000d1380000, 0x00000000eab00000)
  object space 282112K, 81% used [0x00000000c0000000,0x00000000ce0efc30,0x00000000d1380000)
 Metaspace       used 6112K, capacity 7064K, committed 7424K, reserved 1056768K
  class space    used 608K, capacity 656K, committed 768K, reserved 1048576K
Event: 29.383 GC heap after
Heap after GC invocations=26 (full 4):
 PSYoungGen      total 232960K, used 232934K [0x00000000eab00000, 0x0000000100000000, 0x0000000100000000)
  eden space 116736K, 100% used [0x00000000eab00000,0x00000000f1d00000,0x00000000f1d00000)
  from space 116224K, 99% used [0x00000000f1d00000,0x00000000f8e79b48,0x00000000f8e80000)
  to   space 116224K, 60% used [0x00000000f8e80000,0x00000000fd2dca20,0x0000000100000000)
 ParOldGen       total 306176K, used 305783K [0x00000000c0000000, 0x00000000d2b00000, 0x00000000eab00000)
  object space 306176K, 99% used [0x00000000c0000000,0x00000000d2a9dd20,0x00000000d2b00000)
 Metaspace       used 6112K, capacity 7064K, committed 7424K, reserved 1056768K
  class space    used 608K, capacity 656K, committed 768K, reserved 1048576K
}
Event: 29.383 GC heap before
{Heap before GC invocations=27 (full 5):
 PSYoungGen      total 232960K, used 232934K [0x00000000eab00000, 0x0000000100000000, 0x0000000100000000)
  eden space 116736K, 100% used [0x00000000eab00000,0x00000000f1d00000,0x00000000f1d00000)
  from space 116224K, 99% used [0x00000000f1d00000,0x00000000f8e79b48,0x00000000f8e80000)
  to   space 116224K, 60% used [0x00000000f8e80000,0x00000000fd2dca20,0x0000000100000000)
 ParOldGen       total 306176K, used 305783K [0x00000000c0000000, 0x00000000d2b00000, 0x00000000eab00000)
  object space 306176K, 99% used [0x00000000c0000000,0x00000000d2a9dd20,0x00000000d2b00000)
 Metaspace       used 6112K, capacity 7064K, committed 7424K, reserved 1056768K
  class space    used 608K, capacity 656K, committed 768K, reserved 1048576K
Event: 30.111 GC heap after
Heap after GC invocations=27 (full 5):
 PSYoungGen      total 232960K, used 0K [0x00000000eab00000, 0x0000000100000000, 0x0000000100000000)
  eden space 116736K, 0% used [0x00000000eab00000,0x00000000eab00000,0x00000000f1d00000)
  from space 116224K, 0% used [0x00000000f1d00000,0x00000000f1d00000,0x00000000f8e80000)
  to   space 116224K, 30% used [0x00000000f8e80000,0x00000000fb107c00,0x0000000100000000)
 ParOldGen       total 451072K, used 305905K [0x00000000c0000000, 0x00000000db880000, 0x00000000eab00000)
  object space 451072K, 67% used [0x00000000c0000000,0x00000000d2abc740,0x00000000db880000)
 Metaspace       used 6112K, capacity 7064K, committed 7424K, reserved 1056768K
  class space    used 608K, capacity 656K, committed 768K, reserved 1048576K
}
Event: 30.361 GC heap before
{Heap before GC invocations=28 (full 6):
 PSYoungGen      total 232960K, used 116736K [0x00000000eab00000, 0x0000000100000000, 0x0000000100000000)
  eden space 116736K, 100% used [0x00000000eab00000,0x00000000f1d00000,0x00000000f1d00000)
  from space 116224K, 0% used [0x00000000f1d00000,0x00000000f1d00000,0x00000000f8e80000)
  to   space 116224K, 30% used [0x00000000f8e80000,0x00000000fb107c00,0x0000000100000000)
 ParOldGen       total 451072K, used 305905K [0x00000000c0000000, 0x00000000db880000, 0x00000000eab00000)
  object space 451072K, 67% used [0x00000000c0000000,0x00000000d2abc740,0x00000000db880000)
 Metaspace       used 6112K, capacity 7064K, committed 7424K, reserved 1056768K
  class space    used 608K, capacity 656K, committed 768K, reserved 1048576K

