# JRE version: Java(TM) SE Runtime Environment (8.0_102-b14) (build 1.8.0_102-b14)
# Java VM: Java HotSpot(TM) 64-Bit Server VM (25.102-b14 mixed mode windows-amd64 compressed oops)
Heap:
 PSYoungGen      total 232960K, used 18001K [0x00000000eab00000, 0x0000000100000000, 0x0000000100000000)
  eden space 116736K, 0% used [0x00000000eab00000,0x00000000eab00000,0x00000000f1d00000)
  from space 116224K, 15% used [0x00000000f8e80000,0x00000000fa014798,0x0000000100000000)
  to   space 116224K, 0% used [0x00000000f1d00000,0x00000000f1d00000,0x00000000f8e80000)
 ParOldGen       total 515584K, used 447017K [0x00000000c0000000, 0x00000000df780000, 0x00000000eab00000)
  object space 515584K, 86% used [0x00000000c0000000,0x00000000db48a720,0x00000000df780000)
 Metaspace       used 6116K, capacity 7128K, committed 7424K, reserved 1056768K
  class space    used 608K, capacity 656K, committed 768K, reserved 1048576K
GC Heap History (10 events):
Event: 14.596 GC heap after
Heap after GC invocations=27 (full 4):
 PSYoungGen      total 232960K, used 37810K [0x00000000eab00000, 0x0000000100000000, 0x0000000100000000)
  eden space 116736K, 0% used [0x00000000eab00000,0x00000000eab00000,0x00000000f1d00000)
  from space 116224K, 32% used [0x00000000f1d00000,0x00000000f41ec910,0x00000000f8e80000)
  to   space 116224K, 0% used [0x00000000f8e80000,0x00000000f8e80000,0x0000000100000000)
 ParOldGen       total 343552K, used 330792K [0x00000000c0000000, 0x00000000d4f80000, 0x00000000eab00000)
  object space 343552K, 96% used [0x00000000c0000000,0x00000000d430a370,0x00000000d4f80000)
 Metaspace       used 6116K, capacity 7128K, committed 7424K, reserved 1056768K
  class space    used 608K, capacity 656K, committed 768K, reserved 1048576K
}
Event: 14.596 GC heap before
{Heap before GC invocations=28 (full 5):
 PSYoungGen      total 232960K, used 37810K [0x00000000eab00000, 0x0000000100000000, 0x0000000100000000)
  eden space 116736K, 0% used [0x00000000eab00000,0x00000000eab00000,0x00000000f1d00000)
  from space 116224K, 32% used [0x00000000f1d00000,0x00000000f41ec910,0x00000000f8e80000)
  to   space 116224K, 0% used [0x00000000f8e80000,0x00000000f8e80000,0x0000000100000000)
 ParOldGen       total 343552K, used 330792K [0x00000000c0000000, 0x00000000d4f80000, 0x00000000eab00000)
  object space 343552K, 96% used [0x00000000c0000000,0x00000000d430a370,0x00000000d4f80000)
 Metaspace       used 6116K, capacity 7128K, committed 7424K, reserved 1056768K
  class space    used 608K, capacity 656K, committed 768K, reserved 1048576K
Event: 15.168 GC heap after
Heap after GC invocations=28 (full 5):
 PSYoungGen      total 232960K, used 0K [0x00000000eab00000, 0x0000000100000000, 0x0000000100000000)
  eden space 116736K, 0% used [0x00000000eab00000,0x00000000eab00000,0x00000000f1d00000)
  from space 116224K, 0% used [0x00000000f1d00000,0x00000000f1d00000,0x00000000f8e80000)
  to   space 116224K, 0% used [0x00000000f8e80000,0x00000000f8e80000,0x0000000100000000)
 ParOldGen       total 515584K, used 341894K [0x00000000c0000000, 0x00000000df780000, 0x00000000eab00000)
  object space 515584K, 66% used [0x00000000c0000000,0x00000000d4de1ae8,0x00000000df780000)
 Metaspace       used 6116K, capacity 7128K, committed 7424K, reserved 1056768K
  class space    used 608K, capacity 656K, committed 768K, reserved 1048576K
}
Event: 15.440 GC heap before
{Heap before GC invocations=29 (full 5):
 PSYoungGen      total 232960K, used 116736K [0x00000000eab00000, 0x0000000100000000, 0x0000000100000000)
  eden space 116736K, 100% used [0x00000000eab00000,0x00000000f1d00000,0x00000000f1d00000)
  from space 116224K, 0% used [0x00000000f1d00000,0x00000000f1d00000,0x00000000f8e80000)
  to   space 116224K, 0% used [0x00000000f8e80000,0x00000000f8e80000,0x0000000100000000)
 ParOldGen       total 515584K, used 341894K [0x00000000c0000000, 0x00000000df780000, 0x00000000eab00000)
  object space 515584K, 66% used [0x00000000c0000000,0x00000000d4de1ae8,0x00000000df780000)
 Metaspace       used 6116K, capacity 7128K, committed 7424K, reserved 1056768K
  class space    used 608K, capacity 656K, committed 768K, reserved 1048576K
Event: 15.467 GC heap after
Heap after GC invocations=29 (full 5):
 PSYoungGen      total 232960K, used 25507K [0x00000000eab00000, 0x0000000100000000, 0x0000000100000000)
  eden space 116736K, 0% used [0x00000000eab00000,0x00000000eab00000,0x00000000f1d00000)
  from space 116224K, 21% used [0x00000000f8e80000,0x00000000fa768c70,0x0000000100000000)
  to   space 116224K, 0% used [0x00000000f1d00000,0x00000000f1d00000,0x00000000f8e80000)
 ParOldGen       total 515584K, used 341894K [0x00000000c0000000, 0x00000000df780000, 0x00000000eab00000)
  object space 515584K, 66% used [0x00000000c0000000,0x00000000d4de1ae8,0x00000000df780000)
 Metaspace       used 6116K, capacity 7128K, committed 7424K, reserved 1056768K
  class space    used 608K, capacity 656K, committed 768K, reserved 1048576K
}
Event: 15.500 GC heap before
{Heap before GC invocations=30 (full 5):
 PSYoungGen      total 232960K, used 142243K [0x00000000eab00000, 0x0000000100000000, 0x0000000100000000)
  eden space 116736K, 100% used [0x00000000eab00000,0x00000000f1d00000,0x00000000f1d00000)
  from space 116224K, 21% used [0x00000000f8e80000,0x00000000fa768c70,0x0000000100000000)
  to   space 116224K, 0% used [0x00000000f1d00000,0x00000000f1d00000,0x00000000f8e80000)
 ParOldGen       total 515584K, used 341894K [0x00000000c0000000, 0x00000000df780000, 0x00000000eab00000)
  object space 515584K, 66% used [0x00000000c0000000,0x00000000d4de1ae8,0x00000000df780000)
 Metaspace       used 6116K, capacity 7128K, committed 7424K, reserved 1056768K
  class space    used 608K, capacity 656K, committed 768K, reserved 1048576K
Event: 15.555 GC heap after
Heap after GC invocations=30 (full 5):
 PSYoungGen      total 232960K, used 80384K [0x00000000eab00000, 0x0000000100000000, 0x0000000100000000)
  eden space 116736K, 0% used [0x00000000eab00000,0x00000000eab00000,0x00000000f1d00000)
  from space 116224K, 69% used [0x00000000f1d00000,0x00000000f6b80000,0x00000000f8e80000)
  to   space 116224K, 0% used [0x00000000f8e80000,0x00000000f8e80000,0x0000000100000000)
 ParOldGen       total 515584K, used 366753K [0x00000000c0000000, 0x00000000df780000, 0x00000000eab00000)
  object space 515584K, 71% used [0x00000000c0000000,0x00000000d6628720,0x00000000df780000)
 Metaspace       used 6116K, capacity 7128K, committed 7424K, reserved 1056768K
  class space    used 608K, capacity 656K, committed 768K, reserved 1048576K
}
Event: 15.639 GC heap before
{Heap before GC invocations=31 (full 5):
 PSYoungGen      total 232960K, used 197120K [0x00000000eab00000, 0x0000000100000000, 0x0000000100000000)
  eden space 116736K, 100% used [0x00000000eab00000,0x00000000f1d00000,0x00000000f1d00000)
  from space 116224K, 69% used [0x00000000f1d00000,0x00000000f6b80000,0x00000000f8e80000)
  to   space 116224K, 0% used [0x00000000f8e80000,0x00000000f8e80000,0x0000000100000000)
 ParOldGen       total 515584K, used 366753K [0x00000000c0000000, 0x00000000df780000, 0x00000000eab00000)
  object space 515584K, 71% used [0x00000000c0000000,0x00000000d6628720,0x00000000df780000)
 Metaspace       used 6116K, capacity 7128K, committed 7424K, reserved 1056768K
  class space    used 608K, capacity 656K, committed 768K, reserved 1048576K
Event: 15.694 GC heap after
Heap after GC invocations=31 (full 5):
 PSYoungGen      total 232960K, used 18001K [0x00000000eab00000, 0x0000000100000000, 0x0000000100000000)
  eden space 116736K, 0% used [0x00000000eab00000,0x00000000eab00000,0x00000000f1d00000)
  from space 116224K, 15% used [0x00000000f8e80000,0x00000000fa014798,0x0000000100000000)
  to   space 116224K, 0% used [0x00000000f1d00000,0x00000000f1d00000,0x00000000f8e80000)
 ParOldGen       total 515584K, used 447017K [0x00000000c0000000, 0x00000000df780000, 0x00000000eab00000)
  object space 515584K, 86% used [0x00000000c0000000,0x00000000db48a720,0x00000000df780000)
 Metaspace       used 6116K, capacity 7128K, committed 7424K, reserved 1056768K
  class space    used 608K, capacity 656K, committed 768K, reserved 1048576K
}
Event: 15.694 GC heap before
{Heap before GC invocations=32 (full 6):
 PSYoungGen      total 232960K, used 18001K [0x00000000eab00000, 0x0000000100000000, 0x0000000100000000)
  eden space 116736K, 0% used [0x00000000eab00000,0x00000000eab00000,0x00000000f1d00000)
  from space 116224K, 15% used [0x00000000f8e80000,0x00000000fa014798,0x0000000100000000)
  to   space 116224K, 0% used [0x00000000f1d00000,0x00000000f1d00000,0x00000000f8e80000)
 ParOldGen       total 515584K, used 447017K [0x00000000c0000000, 0x00000000df780000, 0x00000000eab00000)
  object space 515584K, 86% used [0x00000000c0000000,0x00000000db48a720,0x00000000df780000)
 Metaspace       used 6116K, capacity 7128K, committed 7424K, reserved 1056768K
  class space    used 608K, capacity 656K, committed 768K, reserved 1048576K

