# JRE version: Java(TM) SE Runtime Environment (8.0_102-b14) (build 1.8.0_102-b14)
# Java VM: Java HotSpot(TM) 64-Bit Server VM (25.102-b14 mixed mode windows-amd64 compressed oops)
Heap:
 PSYoungGen      total 235008K, used 45342K [0x00000000eab00000, 0x0000000100000000, 0x0000000100000000)
  eden space 120832K, 0% used [0x00000000eab00000,0x00000000eab00000,0x00000000f2100000)
  from space 114176K, 39% used [0x00000000f2100000,0x00000000f4d47ac0,0x00000000f9080000)
  to   space 108544K, 0% used [0x00000000f9600000,0x00000000f9600000,0x0000000100000000)
 ParOldGen       total 249344K, used 248970K [0x00000000c0000000, 0x00000000cf380000, 0x00000000eab00000)
  object space 249344K, 99% used [0x00000000c0000000,0x00000000cf3228a8,0x00000000cf380000)
 Metaspace       used 6329K, capacity 7192K, committed 7424K, reserved 1056768K
  class space    used 608K, capacity 656K, committed 768K, reserved 1048576K
GC Heap History (10 events):
Event: 26.168 GC heap after
Heap after GC invocations=14 (full 3):
 PSYoungGen      total 183808K, used 0K [0x00000000eab00000, 0x00000000fe380000, 0x0000000100000000)
  eden space 133120K, 0% used [0x00000000eab00000,0x00000000eab00000,0x00000000f2d00000)
  from space 50688K, 0% used [0x00000000f2d00000,0x00000000f2d00000,0x00000000f5e80000)
  to   space 77312K, 0% used [0x00000000f9800000,0x00000000f9800000,0x00000000fe380000)
 ParOldGen       total 216576K, used 124182K [0x00000000c0000000, 0x00000000cd380000, 0x00000000eab00000)
  object space 216576K, 57% used [0x00000000c0000000,0x00000000c7945b70,0x00000000cd380000)
 Metaspace       used 6272K, capacity 7192K, committed 7424K, reserved 1056768K
  class space    used 607K, capacity 656K, committed 768K, reserved 1048576K
}
Event: 27.329 GC heap before
{Heap before GC invocations=15 (full 3):
 PSYoungGen      total 183808K, used 133120K [0x00000000eab00000, 0x00000000fe380000, 0x0000000100000000)
  eden space 133120K, 100% used [0x00000000eab00000,0x00000000f2d00000,0x00000000f2d00000)
  from space 50688K, 0% used [0x00000000f2d00000,0x00000000f2d00000,0x00000000f5e80000)
  to   space 77312K, 0% used [0x00000000f9800000,0x00000000f9800000,0x00000000fe380000)
 ParOldGen       total 216576K, used 124182K [0x00000000c0000000, 0x00000000cd380000, 0x00000000eab00000)
  object space 216576K, 57% used [0x00000000c0000000,0x00000000c7945b70,0x00000000cd380000)
 Metaspace       used 6275K, capacity 7192K, committed 7424K, reserved 1056768K
  class space    used 607K, capacity 656K, committed 768K, reserved 1048576K
Event: 27.571 GC heap after
Heap after GC invocations=15 (full 3):
 PSYoungGen      total 216064K, used 24050K [0x00000000eab00000, 0x00000000fd280000, 0x0000000100000000)
  eden space 156160K, 0% used [0x00000000eab00000,0x00000000eab00000,0x00000000f4380000)
  from space 59904K, 40% used [0x00000000f9800000,0x00000000faf7c9c8,0x00000000fd280000)
  to   space 73216K, 0% used [0x00000000f4380000,0x00000000f4380000,0x00000000f8b00000)
 ParOldGen       total 216576K, used 124182K [0x00000000c0000000, 0x00000000cd380000, 0x00000000eab00000)
  object space 216576K, 57% used [0x00000000c0000000,0x00000000c7945b70,0x00000000cd380000)
 Metaspace       used 6275K, capacity 7192K, committed 7424K, reserved 1056768K
  class space    used 607K, capacity 656K, committed 768K, reserved 1048576K
}
Event: 29.551 GC heap before
{Heap before GC invocations=16 (full 3):
 PSYoungGen      total 216064K, used 180210K [0x00000000eab00000, 0x00000000fd280000, 0x0000000100000000)
  eden space 156160K, 100% used [0x00000000eab00000,0x00000000f4380000,0x00000000f4380000)
  from space 59904K, 40% used [0x00000000f9800000,0x00000000faf7c9c8,0x00000000fd280000)
  to   space 73216K, 0% used [0x00000000f4380000,0x00000000f4380000,0x00000000f8b00000)
 ParOldGen       total 216576K, used 124182K [0x00000000c0000000, 0x00000000cd380000, 0x00000000eab00000)
  object space 216576K, 57% used [0x00000000c0000000,0x00000000c7945b70,0x00000000cd380000)
 Metaspace       used 6304K, capacity 7192K, committed 7424K, reserved 1056768K
  class space    used 607K, capacity 656K, committed 768K, reserved 1048576K
Event: 29.738 GC heap after
Heap after GC invocations=16 (full 3):
 PSYoungGen      total 229376K, used 73196K [0x00000000eab00000, 0x0000000100000000, 0x0000000100000000)
  eden space 156160K, 0% used [0x00000000eab00000,0x00000000eab00000,0x00000000f4380000)
  from space 73216K, 99% used [0x00000000f4380000,0x00000000f8afb3f0,0x00000000f8b00000)
  to   space 89600K, 0% used [0x00000000fa880000,0x00000000fa880000,0x0000000100000000)
 ParOldGen       total 216576K, used 136016K [0x00000000c0000000, 0x00000000cd380000, 0x00000000eab00000)
  object space 216576K, 62% used [0x00000000c0000000,0x00000000c84d4288,0x00000000cd380000)
 Metaspace       used 6304K, capacity 7192K, committed 7424K, reserved 1056768K
  class space    used 607K, capacity 656K, committed 768K, reserved 1048576K
}
Event: 31.793 GC heap before
{Heap before GC invocations=17 (full 3):
 PSYoungGen      total 229376K, used 229356K [0x00000000eab00000, 0x0000000100000000, 0x0000000100000000)
  eden space 156160K, 100% used [0x00000000eab00000,0x00000000f4380000,0x00000000f4380000)
  from space 73216K, 99% used [0x00000000f4380000,0x00000000f8afb3f0,0x00000000f8b00000)
  to   space 89600K, 0% used [0x00000000fa880000,0x00000000fa880000,0x0000000100000000)
 ParOldGen       total 216576K, used 136016K [0x00000000c0000000, 0x00000000cd380000, 0x00000000eab00000)
  object space 216576K, 62% used [0x00000000c0000000,0x00000000c84d4288,0x00000000cd380000)
 Metaspace       used 6326K, capacity 7192K, committed 7424K, reserved 1056768K
  class space    used 608K, capacity 656K, committed 768K, reserved 1048576K
Event: 32.123 GC heap after
Heap after GC invocations=17 (full 3):
 PSYoungGen      total 210432K, used 89599K [0x00000000eab00000, 0x0000000100000000, 0x0000000100000000)
  eden space 120832K, 0% used [0x00000000eab00000,0x00000000eab00000,0x00000000f2100000)
  from space 89600K, 99% used [0x00000000fa880000,0x00000000ffffff90,0x0000000100000000)
  to   space 114176K, 0% used [0x00000000f2100000,0x00000000f2100000,0x00000000f9080000)
 ParOldGen       total 216576K, used 160947K [0x00000000c0000000, 0x00000000cd380000, 0x00000000eab00000)
  object space 216576K, 74% used [0x00000000c0000000,0x00000000c9d2cc68,0x00000000cd380000)
 Metaspace       used 6326K, capacity 7192K, committed 7424K, reserved 1056768K
  class space    used 608K, capacity 656K, committed 768K, reserved 1048576K
}
Event: 32.770 GC heap before
{Heap before GC invocations=18 (full 3):
 PSYoungGen      total 210432K, used 210431K [0x00000000eab00000, 0x0000000100000000, 0x0000000100000000)
  eden space 120832K, 100% used [0x00000000eab00000,0x00000000f2100000,0x00000000f2100000)
  from space 89600K, 99% used [0x00000000fa880000,0x00000000ffffff90,0x0000000100000000)
  to   space 114176K, 0% used [0x00000000f2100000,0x00000000f2100000,0x00000000f9080000)
 ParOldGen       total 216576K, used 160947K [0x00000000c0000000, 0x00000000cd380000, 0x00000000eab00000)
  object space 216576K, 74% used [0x00000000c0000000,0x00000000c9d2cc68,0x00000000cd380000)
 Metaspace       used 6329K, capacity 7192K, committed 7424K, reserved 1056768K
  class space    used 608K, capacity 656K, committed 768K, reserved 1048576K
Event: 33.211 GC heap after
Heap after GC invocations=18 (full 3):
 PSYoungGen      total 235008K, used 45342K [0x00000000eab00000, 0x0000000100000000, 0x0000000100000000)
  eden space 120832K, 0% used [0x00000000eab00000,0x00000000eab00000,0x00000000f2100000)
  from space 114176K, 39% used [0x00000000f2100000,0x00000000f4d47ac0,0x00000000f9080000)
  to   space 108544K, 0% used [0x00000000f9600000,0x00000000f9600000,0x0000000100000000)
 ParOldGen       total 249344K, used 248970K [0x00000000c0000000, 0x00000000cf380000, 0x00000000eab00000)
  object space 249344K, 99% used [0x00000000c0000000,0x00000000cf3228a8,0x00000000cf380000)
 Metaspace       used 6329K, capacity 7192K, committed 7424K, reserved 1056768K
  class space    used 608K, capacity 656K, committed 768K, reserved 1048576K
}
Event: 33.211 GC heap before
{Heap before GC invocations=19 (full 4):
 PSYoungGen      total 235008K, used 45342K [0x00000000eab00000, 0x0000000100000000, 0x0000000100000000)
  eden space 120832K, 0% used [0x00000000eab00000,0x00000000eab00000,0x00000000f2100000)
  from space 114176K, 39% used [0x00000000f2100000,0x00000000f4d47ac0,0x00000000f9080000)
  to   space 108544K, 0% used [0x00000000f9600000,0x00000000f9600000,0x0000000100000000)
 ParOldGen       total 249344K, used 248970K [0x00000000c0000000, 0x00000000cf380000, 0x00000000eab00000)
  object space 249344K, 99% used [0x00000000c0000000,0x00000000cf3228a8,0x00000000cf380000)
 Metaspace       used 6329K, capacity 7192K, committed 7424K, reserved 1056768K
  class space    used 608K, capacity 656K, committed 768K, reserved 1048576K

