# JRE version: Java(TM) SE Runtime Environment (8.0_102-b14) (build 1.8.0_102-b14)
# Java VM: Java HotSpot(TM) 64-Bit Server VM (25.102-b14 mixed mode windows-amd64 compressed oops)
Heap:
 PSYoungGen      total 275968K, used 70133K [0x00000000eab00000, 0x0000000100000000, 0x0000000100000000)
  eden space 205824K, 0% used [0x00000000eab00000,0x00000000eab00000,0x00000000f7400000)
  from space 70144K, 99% used [0x00000000f7400000,0x00000000fb87d5f8,0x00000000fb880000)
  to   space 73216K, 0% used [0x00000000fb880000,0x00000000fb880000,0x0000000100000000)
 ParOldGen       total 175104K, used 150576K [0x00000000c0000000, 0x00000000cab00000, 0x00000000eab00000)
  object space 175104K, 85% used [0x00000000c0000000,0x00000000c930c180,0x00000000cab00000)
 Metaspace       used 6150K, capacity 7128K, committed 7424K, reserved 1056768K
  class space    used 608K, capacity 656K, committed 768K, reserved 1048576K
GC Heap History (10 events):
Event: 27.651 GC heap after
Heap after GC invocations=17 (full 4):
 PSYoungGen      total 200704K, used 0K [0x00000000eab00000, 0x00000000fd480000, 0x0000000100000000)
  eden space 142848K, 0% used [0x00000000eab00000,0x00000000eab00000,0x00000000f3680000)
  from space 57856K, 0% used [0x00000000f3680000,0x00000000f3680000,0x00000000f6f00000)
  to   space 58368K, 0% used [0x00000000f9b80000,0x00000000f9b80000,0x00000000fd480000)
 ParOldGen       total 175104K, used 88865K [0x00000000c0000000, 0x00000000cab00000, 0x00000000eab00000)
  object space 175104K, 50% used [0x00000000c0000000,0x00000000c56c8510,0x00000000cab00000)
 Metaspace       used 6058K, capacity 7064K, committed 7424K, reserved 1056768K
  class space    used 607K, capacity 656K, committed 768K, reserved 1048576K
}
Event: 31.808 GC heap before
{Heap before GC invocations=18 (full 4):
 PSYoungGen      total 200704K, used 142848K [0x00000000eab00000, 0x00000000fd480000, 0x0000000100000000)
  eden space 142848K, 100% used [0x00000000eab00000,0x00000000f3680000,0x00000000f3680000)
  from space 57856K, 0% used [0x00000000f3680000,0x00000000f3680000,0x00000000f6f00000)
  to   space 58368K, 0% used [0x00000000f9b80000,0x00000000f9b80000,0x00000000fd480000)
 ParOldGen       total 175104K, used 88865K [0x00000000c0000000, 0x00000000cab00000, 0x00000000eab00000)
  object space 175104K, 50% used [0x00000000c0000000,0x00000000c56c8510,0x00000000cab00000)
 Metaspace       used 6074K, capacity 7064K, committed 7424K, reserved 1056768K
  class space    used 607K, capacity 656K, committed 768K, reserved 1048576K
Event: 32.078 GC heap after
Heap after GC invocations=18 (full 4):
 PSYoungGen      total 228864K, used 49678K [0x00000000eab00000, 0x00000000fd180000, 0x0000000100000000)
  eden space 173568K, 0% used [0x00000000eab00000,0x00000000eab00000,0x00000000f5480000)
  from space 55296K, 89% used [0x00000000f9b80000,0x00000000fcc03bd8,0x00000000fd180000)
  to   space 64000K, 0% used [0x00000000f5480000,0x00000000f5480000,0x00000000f9300000)
 ParOldGen       total 175104K, used 88873K [0x00000000c0000000, 0x00000000cab00000, 0x00000000eab00000)
  object space 175104K, 50% used [0x00000000c0000000,0x00000000c56ca510,0x00000000cab00000)
 Metaspace       used 6074K, capacity 7064K, committed 7424K, reserved 1056768K
  class space    used 607K, capacity 656K, committed 768K, reserved 1048576K
}
Event: 34.517 GC heap before
{Heap before GC invocations=19 (full 4):
 PSYoungGen      total 228864K, used 223246K [0x00000000eab00000, 0x00000000fd180000, 0x0000000100000000)
  eden space 173568K, 100% used [0x00000000eab00000,0x00000000f5480000,0x00000000f5480000)
  from space 55296K, 89% used [0x00000000f9b80000,0x00000000fcc03bd8,0x00000000fd180000)
  to   space 64000K, 0% used [0x00000000f5480000,0x00000000f5480000,0x00000000f9300000)
 ParOldGen       total 175104K, used 88873K [0x00000000c0000000, 0x00000000cab00000, 0x00000000eab00000)
  object space 175104K, 50% used [0x00000000c0000000,0x00000000c56ca510,0x00000000cab00000)
 Metaspace       used 6135K, capacity 7128K, committed 7424K, reserved 1056768K
  class space    used 607K, capacity 656K, committed 768K, reserved 1048576K
Event: 34.796 GC heap after
Heap after GC invocations=19 (full 4):
 PSYoungGen      total 237568K, used 40210K [0x00000000eab00000, 0x00000000ff780000, 0x0000000100000000)
  eden space 173568K, 0% used [0x00000000eab00000,0x00000000eab00000,0x00000000f5480000)
  from space 64000K, 62% used [0x00000000f5480000,0x00000000f7bc4ba8,0x00000000f9300000)
  to   space 64512K, 0% used [0x00000000fb880000,0x00000000fb880000,0x00000000ff780000)
 ParOldGen       total 175104K, used 88881K [0x00000000c0000000, 0x00000000cab00000, 0x00000000eab00000)
  object space 175104K, 50% used [0x00000000c0000000,0x00000000c56cc510,0x00000000cab00000)
 Metaspace       used 6135K, capacity 7128K, committed 7424K, reserved 1056768K
  class space    used 607K, capacity 656K, committed 768K, reserved 1048576K
}
Event: 37.234 GC heap before
{Heap before GC invocations=20 (full 4):
 PSYoungGen      total 237568K, used 213778K [0x00000000eab00000, 0x00000000ff780000, 0x0000000100000000)
  eden space 173568K, 100% used [0x00000000eab00000,0x00000000f5480000,0x00000000f5480000)
  from space 64000K, 62% used [0x00000000f5480000,0x00000000f7bc4ba8,0x00000000f9300000)
  to   space 64512K, 0% used [0x00000000fb880000,0x00000000fb880000,0x00000000ff780000)
 ParOldGen       total 175104K, used 88881K [0x00000000c0000000, 0x00000000cab00000, 0x00000000eab00000)
  object space 175104K, 50% used [0x00000000c0000000,0x00000000c56cc510,0x00000000cab00000)
 Metaspace       used 6148K, capacity 7128K, committed 7424K, reserved 1056768K
  class space    used 608K, capacity 656K, committed 768K, reserved 1048576K
Event: 37.457 GC heap after
Heap after GC invocations=20 (full 4):
 PSYoungGen      total 270336K, used 55248K [0x00000000eab00000, 0x0000000100000000, 0x0000000100000000)
  eden space 205824K, 0% used [0x00000000eab00000,0x00000000eab00000,0x00000000f7400000)
  from space 64512K, 85% used [0x00000000fb880000,0x00000000fee742d8,0x00000000ff780000)
  to   space 70144K, 0% used [0x00000000f7400000,0x00000000f7400000,0x00000000fb880000)
 ParOldGen       total 175104K, used 88881K [0x00000000c0000000, 0x00000000cab00000, 0x00000000eab00000)
  object space 175104K, 50% used [0x00000000c0000000,0x00000000c56cc510,0x00000000cab00000)
 Metaspace       used 6148K, capacity 7128K, committed 7424K, reserved 1056768K
  class space    used 608K, capacity 656K, committed 768K, reserved 1048576K
}
Event: 41.346 GC heap before
{Heap before GC invocations=21 (full 4):
 PSYoungGen      total 270336K, used 261072K [0x00000000eab00000, 0x0000000100000000, 0x0000000100000000)
  eden space 205824K, 100% used [0x00000000eab00000,0x00000000f7400000,0x00000000f7400000)
  from space 64512K, 85% used [0x00000000fb880000,0x00000000fee742d8,0x00000000ff780000)
  to   space 70144K, 0% used [0x00000000f7400000,0x00000000f7400000,0x00000000fb880000)
 ParOldGen       total 175104K, used 88881K [0x00000000c0000000, 0x00000000cab00000, 0x00000000eab00000)
  object space 175104K, 50% used [0x00000000c0000000,0x00000000c56cc510,0x00000000cab00000)
 Metaspace       used 6150K, capacity 7128K, committed 7424K, reserved 1056768K
  class space    used 608K, capacity 656K, committed 768K, reserved 1048576K
Event: 41.561 GC heap after
Heap after GC invocations=21 (full 4):
 PSYoungGen      total 275968K, used 70133K [0x00000000eab00000, 0x0000000100000000, 0x0000000100000000)
  eden space 205824K, 0% used [0x00000000eab00000,0x00000000eab00000,0x00000000f7400000)
  from space 70144K, 99% used [0x00000000f7400000,0x00000000fb87d5f8,0x00000000fb880000)
  to   space 73216K, 0% used [0x00000000fb880000,0x00000000fb880000,0x0000000100000000)
 ParOldGen       total 175104K, used 150576K [0x00000000c0000000, 0x00000000cab00000, 0x00000000eab00000)
  object space 175104K, 85% used [0x00000000c0000000,0x00000000c930c180,0x00000000cab00000)
 Metaspace       used 6150K, capacity 7128K, committed 7424K, reserved 1056768K
  class space    used 608K, capacity 656K, committed 768K, reserved 1048576K
}
Event: 41.561 GC heap before
{Heap before GC invocations=22 (full 5):
 PSYoungGen      total 275968K, used 70133K [0x00000000eab00000, 0x0000000100000000, 0x0000000100000000)
  eden space 205824K, 0% used [0x00000000eab00000,0x00000000eab00000,0x00000000f7400000)
  from space 70144K, 99% used [0x00000000f7400000,0x00000000fb87d5f8,0x00000000fb880000)
  to   space 73216K, 0% used [0x00000000fb880000,0x00000000fb880000,0x0000000100000000)
 ParOldGen       total 175104K, used 150576K [0x00000000c0000000, 0x00000000cab00000, 0x00000000eab00000)
  object space 175104K, 85% used [0x00000000c0000000,0x00000000c930c180,0x00000000cab00000)
 Metaspace       used 6150K, capacity 7128K, committed 7424K, reserved 1056768K
  class space    used 608K, capacity 656K, committed 768K, reserved 1048576K

