# JRE version: Java(TM) SE Runtime Environment (8.0_102-b14) (build 1.8.0_102-b14)
# Java VM: Java HotSpot(TM) 64-Bit Server VM (25.102-b14 mixed mode windows-amd64 compressed oops)
Heap:
 PSYoungGen      total 156160K, used 54248K [0x00000000eab00000, 0x00000000fba00000, 0x0000000100000000)
  eden space 101888K, 0% used [0x00000000eab00000,0x00000000eab00000,0x00000000f0e80000)
  from space 54272K, 99% used [0x00000000f0e80000,0x00000000f437a168,0x00000000f4380000)
  to   space 74752K, 0% used [0x00000000f7100000,0x00000000f7100000,0x00000000fba00000)
 ParOldGen       total 116224K, used 101543K [0x00000000c0000000, 0x00000000c7180000, 0x00000000eab00000)
  object space 116224K, 87% used [0x00000000c0000000,0x00000000c6329dc0,0x00000000c7180000)
 Metaspace       used 5981K, capacity 7024K, committed 7296K, reserved 1056768K
  class space    used 587K, capacity 616K, committed 640K, reserved 1048576K
GC Heap History (10 events):
Event: 12.473 GC heap after
Heap after GC invocations=9 (full 1):
 PSYoungGen      total 118272K, used 27118K [0x00000000eab00000, 0x00000000f6700000, 0x0000000100000000)
  eden space 91136K, 0% used [0x00000000eab00000,0x00000000eab00000,0x00000000f0400000)
  from space 27136K, 99% used [0x00000000f2c80000,0x00000000f46fbac8,0x00000000f4700000)
  to   space 41472K, 0% used [0x00000000f0400000,0x00000000f0400000,0x00000000f2c80000)
 ParOldGen       total 64512K, used 60416K [0x00000000c0000000, 0x00000000c3f00000, 0x00000000eab00000)
  object space 64512K, 93% used [0x00000000c0000000,0x00000000c3b002a0,0x00000000c3f00000)
 Metaspace       used 5924K, capacity 6960K, committed 7040K, reserved 1056768K
  class space    used 583K, capacity 616K, committed 640K, reserved 1048576K
}
Event: 12.473 GC heap before
{Heap before GC invocations=10 (full 2):
 PSYoungGen      total 118272K, used 27118K [0x00000000eab00000, 0x00000000f6700000, 0x0000000100000000)
  eden space 91136K, 0% used [0x00000000eab00000,0x00000000eab00000,0x00000000f0400000)
  from space 27136K, 99% used [0x00000000f2c80000,0x00000000f46fbac8,0x00000000f4700000)
  to   space 41472K, 0% used [0x00000000f0400000,0x00000000f0400000,0x00000000f2c80000)
 ParOldGen       total 64512K, used 60416K [0x00000000c0000000, 0x00000000c3f00000, 0x00000000eab00000)
  object space 64512K, 93% used [0x00000000c0000000,0x00000000c3b002a0,0x00000000c3f00000)
 Metaspace       used 5924K, capacity 6960K, committed 7040K, reserved 1056768K
  class space    used 583K, capacity 616K, committed 640K, reserved 1048576K
Event: 13.199 GC heap after
Heap after GC invocations=10 (full 2):
 PSYoungGen      total 118272K, used 9847K [0x00000000eab00000, 0x00000000f6700000, 0x0000000100000000)
  eden space 91136K, 0% used [0x00000000eab00000,0x00000000eab00000,0x00000000f0400000)
  from space 27136K, 36% used [0x00000000f2c80000,0x00000000f361dd48,0x00000000f4700000)
  to   space 41472K, 0% used [0x00000000f0400000,0x00000000f0400000,0x00000000f2c80000)
 ParOldGen       total 116224K, used 64211K [0x00000000c0000000, 0x00000000c7180000, 0x00000000eab00000)
  object space 116224K, 55% used [0x00000000c0000000,0x00000000c3eb4e20,0x00000000c7180000)
 Metaspace       used 5924K, capacity 6960K, committed 7040K, reserved 1056768K
  class space    used 583K, capacity 616K, committed 640K, reserved 1048576K
}
Event: 14.194 GC heap before
{Heap before GC invocations=11 (full 2):
 PSYoungGen      total 118272K, used 100983K [0x00000000eab00000, 0x00000000f6700000, 0x0000000100000000)
  eden space 91136K, 100% used [0x00000000eab00000,0x00000000f0400000,0x00000000f0400000)
  from space 27136K, 36% used [0x00000000f2c80000,0x00000000f361dd48,0x00000000f4700000)
  to   space 41472K, 0% used [0x00000000f0400000,0x00000000f0400000,0x00000000f2c80000)
 ParOldGen       total 116224K, used 64211K [0x00000000c0000000, 0x00000000c7180000, 0x00000000eab00000)
  object space 116224K, 55% used [0x00000000c0000000,0x00000000c3eb4e20,0x00000000c7180000)
 Metaspace       used 5940K, capacity 6960K, committed 7040K, reserved 1056768K
  class space    used 584K, capacity 616K, committed 640K, reserved 1048576K
Event: 14.311 GC heap after
Heap after GC invocations=11 (full 2):
 PSYoungGen      total 132608K, used 32801K [0x00000000eab00000, 0x00000000f6f80000, 0x0000000100000000)
  eden space 91136K, 0% used [0x00000000eab00000,0x00000000eab00000,0x00000000f0400000)
  from space 41472K, 79% used [0x00000000f0400000,0x00000000f24085b8,0x00000000f2c80000)
  to   space 45056K, 0% used [0x00000000f4380000,0x00000000f4380000,0x00000000f6f80000)
 ParOldGen       total 116224K, used 64219K [0x00000000c0000000, 0x00000000c7180000, 0x00000000eab00000)
  object space 116224K, 55% used [0x00000000c0000000,0x00000000c3eb6e20,0x00000000c7180000)
 Metaspace       used 5940K, capacity 6960K, committed 7040K, reserved 1056768K
  class space    used 584K, capacity 616K, committed 640K, reserved 1048576K
}
Event: 15.271 GC heap before
{Heap before GC invocations=12 (full 2):
 PSYoungGen      total 132608K, used 123937K [0x00000000eab00000, 0x00000000f6f80000, 0x0000000100000000)
  eden space 91136K, 100% used [0x00000000eab00000,0x00000000f0400000,0x00000000f0400000)
  from space 41472K, 79% used [0x00000000f0400000,0x00000000f24085b8,0x00000000f2c80000)
  to   space 45056K, 0% used [0x00000000f4380000,0x00000000f4380000,0x00000000f6f80000)
 ParOldGen       total 116224K, used 64219K [0x00000000c0000000, 0x00000000c7180000, 0x00000000eab00000)
  object space 116224K, 55% used [0x00000000c0000000,0x00000000c3eb6e20,0x00000000c7180000)
 Metaspace       used 5944K, capacity 6960K, committed 7040K, reserved 1056768K
  class space    used 584K, capacity 616K, committed 640K, reserved 1048576K
Event: 15.389 GC heap after
Heap after GC invocations=12 (full 2):
 PSYoungGen      total 146944K, used 45044K [0x00000000eab00000, 0x00000000f8100000, 0x0000000100000000)
  eden space 101888K, 0% used [0x00000000eab00000,0x00000000eab00000,0x00000000f0e80000)
  from space 45056K, 99% used [0x00000000f4380000,0x00000000f6f7d288,0x00000000f6f80000)
  to   space 54272K, 0% used [0x00000000f0e80000,0x00000000f0e80000,0x00000000f4380000)
 ParOldGen       total 116224K, used 69441K [0x00000000c0000000, 0x00000000c7180000, 0x00000000eab00000)
  object space 116224K, 59% used [0x00000000c0000000,0x00000000c43d0560,0x00000000c7180000)
 Metaspace       used 5944K, capacity 6960K, committed 7040K, reserved 1056768K
  class space    used 584K, capacity 616K, committed 640K, reserved 1048576K
}
Event: 16.096 GC heap before
{Heap before GC invocations=13 (full 2):
 PSYoungGen      total 146944K, used 146932K [0x00000000eab00000, 0x00000000f8100000, 0x0000000100000000)
  eden space 101888K, 100% used [0x00000000eab00000,0x00000000f0e80000,0x00000000f0e80000)
  from space 45056K, 99% used [0x00000000f4380000,0x00000000f6f7d288,0x00000000f6f80000)
  to   space 54272K, 0% used [0x00000000f0e80000,0x00000000f0e80000,0x00000000f4380000)
 ParOldGen       total 116224K, used 69441K [0x00000000c0000000, 0x00000000c7180000, 0x00000000eab00000)
  object space 116224K, 59% used [0x00000000c0000000,0x00000000c43d0560,0x00000000c7180000)
 Metaspace       used 5981K, capacity 7024K, committed 7296K, reserved 1056768K
  class space    used 587K, capacity 616K, committed 640K, reserved 1048576K
Event: 16.387 GC heap after
Heap after GC invocations=13 (full 2):
 PSYoungGen      total 156160K, used 54248K [0x00000000eab00000, 0x00000000fba00000, 0x0000000100000000)
  eden space 101888K, 0% used [0x00000000eab00000,0x00000000eab00000,0x00000000f0e80000)
  from space 54272K, 99% used [0x00000000f0e80000,0x00000000f437a168,0x00000000f4380000)
  to   space 74752K, 0% used [0x00000000f7100000,0x00000000f7100000,0x00000000fba00000)
 ParOldGen       total 116224K, used 101543K [0x00000000c0000000, 0x00000000c7180000, 0x00000000eab00000)
  object space 116224K, 87% used [0x00000000c0000000,0x00000000c6329dc0,0x00000000c7180000)
 Metaspace       used 5981K, capacity 7024K, committed 7296K, reserved 1056768K
  class space    used 587K, capacity 616K, committed 640K, reserved 1048576K
}
Event: 16.387 GC heap before
{Heap before GC invocations=14 (full 3):
 PSYoungGen      total 156160K, used 54248K [0x00000000eab00000, 0x00000000fba00000, 0x0000000100000000)
  eden space 101888K, 0% used [0x00000000eab00000,0x00000000eab00000,0x00000000f0e80000)
  from space 54272K, 99% used [0x00000000f0e80000,0x00000000f437a168,0x00000000f4380000)
  to   space 74752K, 0% used [0x00000000f7100000,0x00000000f7100000,0x00000000fba00000)
 ParOldGen       total 116224K, used 101543K [0x00000000c0000000, 0x00000000c7180000, 0x00000000eab00000)
  object space 116224K, 87% used [0x00000000c0000000,0x00000000c6329dc0,0x00000000c7180000)
 Metaspace       used 5981K, capacity 7024K, committed 7296K, reserved 1056768K
  class space    used 587K, capacity 616K, committed 640K, reserved 1048576K

